[18/Nov/2013 17:03:22] INFO [__main__:26] Ending week: 7
[18/Nov/2013 17:03:22] INFO [__main__:29] Deleting previous rosters
[18/Nov/2013 17:03:22] INFO [__main__:33] Adding Mikko Koivu to The Blitzkrieg Blades
[18/Nov/2013 17:03:22] INFO [__main__:33] Adding John Tavares to The Blitzkrieg Blades
[18/Nov/2013 17:03:22] INFO [__main__:33] Adding Ryan Getzlaf to The Blitzkrieg Blades
[18/Nov/2013 17:03:22] INFO [__main__:33] Adding Dustin Byfuglien to The Blitzkrieg Blades
[18/Nov/2013 17:03:23] INFO [__main__:33] Adding Brian Campbell to The Blitzkrieg Blades
[18/Nov/2013 17:03:23] INFO [__main__:33] Adding Dennis Seidenberg to The Blitzkrieg Blades
[18/Nov/2013 17:03:23] INFO [__main__:33] Adding Brent Seabrook to The Blitzkrieg Blades
[18/Nov/2013 17:03:23] INFO [__main__:33] Adding Keith Yandle to The Blitzkrieg Blades
[18/Nov/2013 17:03:23] INFO [__main__:33] Adding Kevin Shattenkirk to The Blitzkrieg Blades
[18/Nov/2013 17:03:23] INFO [__main__:33] Adding Antti Niemi to The Blitzkrieg Blades
[18/Nov/2013 17:03:23] INFO [__main__:33] Adding Zach Parise to The Blitzkrieg Blades
[18/Nov/2013 17:03:23] INFO [__main__:33] Adding Mason Raymond to The Blitzkrieg Blades
[18/Nov/2013 17:03:23] INFO [__main__:33] Adding Andrew Ladd to The Blitzkrieg Blades
[18/Nov/2013 17:03:23] INFO [__main__:33] Adding Martin St Louis to The Blitzkrieg Blades
[18/Nov/2013 17:03:23] INFO [__main__:33] Adding Radim Vrbata to The Blitzkrieg Blades
[18/Nov/2013 17:03:23] INFO [__main__:33] Adding Dustin Brown to The Blitzkrieg Blades
[18/Nov/2013 17:03:23] INFO [__main__:33] Adding Lars Eller to the fightin' Irish
[18/Nov/2013 17:03:23] INFO [__main__:33] Adding Logan Couture to the fightin' Irish
[18/Nov/2013 17:03:23] INFO [__main__:33] Adding Evgeni Malkin to the fightin' Irish
[18/Nov/2013 17:03:23] INFO [__main__:33] Adding Mark Streit to the fightin' Irish
[18/Nov/2013 17:03:23] INFO [__main__:33] Adding Ryan Suter to the fightin' Irish
[18/Nov/2013 17:03:23] INFO [__main__:33] Adding Drew Doughty to the fightin' Irish
[18/Nov/2013 17:03:23] INFO [__main__:33] Adding Niklas Hjalmarsson to the fightin' Irish
[18/Nov/2013 17:03:23] INFO [__main__:33] Adding Tuukka Rask to the fightin' Irish
[18/Nov/2013 17:03:23] INFO [__main__:33] Adding Milan Lucic to the fightin' Irish
[18/Nov/2013 17:03:23] INFO [__main__:33] Adding Alex Ovechkin to the fightin' Irish
[18/Nov/2013 17:03:23] INFO [__main__:33] Adding Thomas Vanek to the fightin' Irish
[18/Nov/2013 17:03:23] INFO [__main__:33] Adding Joffrey Lupul to the fightin' Irish
[18/Nov/2013 17:03:23] INFO [__main__:33] Adding Jarome Iginla to the fightin' Irish
[18/Nov/2013 17:03:23] INFO [__main__:33] Adding Marian Hossa to the fightin' Irish
[18/Nov/2013 17:03:23] INFO [__main__:33] Adding Anze Kopitar to 2sedins 1cup
[18/Nov/2013 17:03:23] INFO [__main__:33] Adding Pavel Datsyuk to 2sedins 1cup
[18/Nov/2013 17:03:23] INFO [__main__:33] Adding Patrick Marleau to 2sedins 1cup
[18/Nov/2013 17:03:23] INFO [__main__:33] Adding Patrick Wiercioch to 2sedins 1cup
[18/Nov/2013 17:03:23] INFO [__main__:33] Adding P.K. Subban to 2sedins 1cup
[18/Nov/2013 17:03:23] INFO [__main__:33] Adding Kris Russell to 2sedins 1cup
[18/Nov/2013 17:03:23] INFO [__main__:33] Adding Andrei Markov to 2sedins 1cup
[18/Nov/2013 17:03:23] INFO [__main__:33] Adding Seth Jones to 2sedins 1cup
[18/Nov/2013 17:03:23] INFO [__main__:33] Adding Kris Letang to 2sedins 1cup
[18/Nov/2013 17:03:23] INFO [__main__:33] Adding Jimmy Howard to 2sedins 1cup
[18/Nov/2013 17:03:23] INFO [__main__:33] Adding Mikkel Boedker to 2sedins 1cup
[18/Nov/2013 17:03:23] INFO [__main__:33] Adding Jeff Skinner to 2sedins 1cup
[18/Nov/2013 17:03:23] INFO [__main__:33] Adding Henrik Zetterberg to 2sedins 1cup
[18/Nov/2013 17:03:23] INFO [__main__:33] Adding Jordan Eberle to 2sedins 1cup
[18/Nov/2013 17:03:23] INFO [__main__:33] Adding Phil Kessel to 2sedins 1cup
[18/Nov/2013 17:03:23] INFO [__main__:33] Adding Blake Wheeler to 2sedins 1cup
[18/Nov/2013 17:03:23] INFO [__main__:33] Adding Henrik Sedin to The Cunning Stunts
[18/Nov/2013 17:03:23] INFO [__main__:33] Adding Kyle Turris to The Cunning Stunts
[18/Nov/2013 17:03:23] INFO [__main__:33] Adding Patrice Bergeron to The Cunning Stunts
[18/Nov/2013 17:03:23] INFO [__main__:33] Adding Marc-Edouard Vlasic to The Cunning Stunts
[18/Nov/2013 17:03:23] INFO [__main__:33] Adding Dan Boyle to The Cunning Stunts
[18/Nov/2013 17:03:23] INFO [__main__:33] Adding Cody Franson to The Cunning Stunts
[18/Nov/2013 17:03:23] INFO [__main__:33] Adding Matt Niskanen to The Cunning Stunts
[18/Nov/2013 17:03:23] INFO [__main__:33] Adding James Wisniewski to The Cunning Stunts
[18/Nov/2013 17:03:23] INFO [__main__:33] Adding Dennis Wideman to The Cunning Stunts
[18/Nov/2013 17:03:23] INFO [__main__:33] Adding Henrik Lundqvist to The Cunning Stunts
[18/Nov/2013 17:03:23] INFO [__main__:33] Adding Matt Cooke to The Cunning Stunts
[18/Nov/2013 17:03:23] INFO [__main__:33] Adding Evander Kane to The Cunning Stunts
[18/Nov/2013 17:03:23] INFO [__main__:33] Adding Clarke MacArthur to The Cunning Stunts
[18/Nov/2013 17:03:24] INFO [__main__:33] Adding Patrick Kane to The Cunning Stunts
[18/Nov/2013 17:03:24] INFO [__main__:33] Adding Daniel Alfredsson to The Cunning Stunts
[18/Nov/2013 17:03:24] INFO [__main__:33] Adding Troy Brouwer to The Cunning Stunts
[18/Nov/2013 17:03:24] INFO [__main__:33] Adding Sidney Crosby to WildFire
[18/Nov/2013 17:03:24] INFO [__main__:33] Adding Jason Spezza to WildFire
[18/Nov/2013 17:03:24] INFO [__main__:33] Adding Ryan Kesler to WildFire
[18/Nov/2013 17:03:24] INFO [__main__:33] Adding Niklas Kronwall to WildFire
[18/Nov/2013 17:03:24] INFO [__main__:33] Adding Dougie Hamilton to WildFire
[18/Nov/2013 17:03:24] INFO [__main__:33] Adding Hampus Lindholm to WildFire
[18/Nov/2013 17:03:24] INFO [__main__:33] Adding Jay Bouwmeester to WildFire
[18/Nov/2013 17:03:24] INFO [__main__:33] Adding Alex Pietrangelo to WildFire
[18/Nov/2013 17:03:24] INFO [__main__:33] Adding Radko Gudas to WildFire
[18/Nov/2013 17:03:24] INFO [__main__:33] Adding Corey Crawford to WildFire
[18/Nov/2013 17:03:24] INFO [__main__:33] Adding Dustin Penner to WildFire
[18/Nov/2013 17:03:24] INFO [__main__:33] Adding Gabriel Landeskog to WildFire
[18/Nov/2013 17:03:24] INFO [__main__:33] Adding Daniel Sedin to WildFire
[18/Nov/2013 17:03:24] INFO [__main__:33] Adding Jason Pominville to WildFire
[18/Nov/2013 17:03:24] INFO [__main__:33] Adding Shane Doan to WildFire
[18/Nov/2013 17:03:24] INFO [__main__:33] Adding Alexander Semin to WildFire
[18/Nov/2013 17:03:24] INFO [__main__:33] Adding David Krejci to The PeeJays
[18/Nov/2013 17:03:24] INFO [__main__:33] Adding Paul Stastny to The PeeJays
[18/Nov/2013 17:03:24] INFO [__main__:33] Adding Jamie Benn to The PeeJays
[18/Nov/2013 17:03:24] INFO [__main__:33] Adding Dion Phaneuf to The PeeJays
[18/Nov/2013 17:03:24] INFO [__main__:33] Adding Mike Green to The PeeJays
[18/Nov/2013 17:03:24] INFO [__main__:33] Adding Shea Weber to The PeeJays
[18/Nov/2013 17:03:24] INFO [__main__:33] Adding Oliver Ekman-Larsson to The PeeJays
[18/Nov/2013 17:03:24] INFO [__main__:33] Adding John Carlson to The PeeJays
[18/Nov/2013 17:03:24] INFO [__main__:33] Adding Tobias Enstrom to The PeeJays
[18/Nov/2013 17:03:24] INFO [__main__:33] Adding Roberto Luongo to The PeeJays
[18/Nov/2013 17:03:24] INFO [__main__:33] Adding Matt Moulson to The PeeJays
[18/Nov/2013 17:03:24] INFO [__main__:33] Adding Tanner Glass to The PeeJays
[18/Nov/2013 17:03:24] INFO [__main__:33] Adding Rick Nash to The PeeJays
[18/Nov/2013 17:03:24] INFO [__main__:33] Adding PA Parenteau to The PeeJays
[18/Nov/2013 17:03:24] INFO [__main__:33] Adding Bobby Ryan to The PeeJays
[18/Nov/2013 17:03:24] INFO [__main__:33] Adding David Backes to The PeeJays
[18/Nov/2013 17:03:24] INFO [__main__:33] Adding Jonathan Toews to The Satans
[18/Nov/2013 17:03:24] INFO [__main__:33] Adding Brandon Dubinsky to The Satans
[18/Nov/2013 17:03:24] INFO [__main__:33] Adding Nicklas Backstrom to The Satans
[18/Nov/2013 17:03:24] INFO [__main__:33] Adding Erik Karlsson to The Satans
[18/Nov/2013 17:03:24] INFO [__main__:33] Adding Torey Krug to The Satans
[18/Nov/2013 17:03:24] INFO [__main__:33] Adding Brooks Orpik to The Satans
[18/Nov/2013 17:03:24] INFO [__main__:33] Adding Kevin Bieksa to The Satans
[18/Nov/2013 17:03:24] INFO [__main__:33] Adding Francois Beauchemin to The Satans
[18/Nov/2013 17:03:24] INFO [__main__:33] Adding Duncan Keith to The Satans
[18/Nov/2013 17:03:24] INFO [__main__:33] Adding Sergei Bobrovsky to The Satans
[18/Nov/2013 17:03:24] INFO [__main__:33] Adding James Neal to The Satans
[18/Nov/2013 17:03:24] INFO [__main__:33] Adding Patrick Sharp to The Satans
[18/Nov/2013 17:03:24] INFO [__main__:33] Adding James van Riemsdyk to The Satans
[18/Nov/2013 17:03:24] INFO [__main__:33] Adding Kyle Okposo to The Satans
[18/Nov/2013 17:03:24] INFO [__main__:33] Adding T.J. Oshie to The Satans
[18/Nov/2013 17:03:24] INFO [__main__:33] Adding Ryan Callahan to The Satans
[18/Nov/2013 17:03:24] INFO [__main__:33] Adding Alexander Steen to Blackcocks
[18/Nov/2013 17:03:24] INFO [__main__:33] Adding Joe Pavelski to Blackcocks
[18/Nov/2013 17:03:24] INFO [__main__:33] Adding Corey Perry to Blackcocks
[18/Nov/2013 17:03:24] INFO [__main__:33] Adding Chris Kunitz to Blackcocks
[18/Nov/2013 17:03:24] INFO [__main__:33] Adding Frans Nielsen to Blackcocks
[18/Nov/2013 17:03:24] INFO [__main__:33] Adding Marc-Andre Fleury to Blackcocks
[18/Nov/2013 17:03:24] INFO [__main__:33] Adding Jaromir Jagr to Blackcocks
[18/Nov/2013 17:03:25] INFO [__main__:33] Adding Brandon Saad to Blackcocks
[18/Nov/2013 17:03:25] INFO [__main__:33] Adding Cam Fowler to Blackcocks
[18/Nov/2013 17:03:25] INFO [__main__:33] Adding Pascal Dupuis to Blackcocks
[18/Nov/2013 17:03:25] INFO [__main__:33] Adding Justin Williams to Blackcocks
[18/Nov/2013 17:03:25] INFO [__main__:33] Adding Jan Hejda to Blackcocks
[18/Nov/2013 17:03:25] INFO [__main__:33] Adding Bryan Allen to Blackcocks
[18/Nov/2013 17:03:25] INFO [__main__:33] Adding Justin Braun to Blackcocks
[18/Nov/2013 17:03:25] INFO [__main__:33] Adding Nick Leddy to Blackcocks
[18/Nov/2013 17:03:25] INFO [__main__:33] Adding Jason Demers to Blackcocks
[18/Nov/2013 17:03:25] INFO [__main__:38] Incrementing week from 7 to 8
[18/Nov/2013 17:03:25] INFO [__main__:42] Ending matches
[18/Nov/2013 17:03:25] INFO [__main__:45] Match: The PeeJays vs The Satans
[18/Nov/2013 17:03:25] INFO [__main__:101] Match won by: The Satans, score 6-2
[18/Nov/2013 17:03:25] INFO [__main__:45] Match: the fightin' Irish vs The Blitzkrieg Blades
[18/Nov/2013 17:03:25] INFO [__main__:101] Match won by: The Blitzkrieg Blades, score 7-1
[18/Nov/2013 17:03:25] INFO [__main__:45] Match: The Cunning Stunts vs WildFire
[18/Nov/2013 17:03:25] INFO [__main__:101] Match won by: WildFire, score 4-3
[18/Nov/2013 17:03:25] INFO [__main__:45] Match: 2sedins 1cup vs Blackcocks
[18/Nov/2013 17:03:25] INFO [__main__:101] Match won by: Blackcocks, score 5-3
[18/Nov/2013 17:03:25] INFO [__main__:105] Cleaning up waiver pickups
[18/Nov/2013 17:04:16] INFO [__main__:110] Clearing skater Dougie Hamilton from team WildFire
[18/Nov/2013 17:04:17] INFO [__main__:110] Clearing skater Shane Doan from team WildFire
[18/Nov/2013 17:04:17] INFO [__main__:110] Clearing skater Paul Stastny from team The PeeJays
[18/Nov/2013 17:04:17] INFO [__main__:110] Clearing skater Clarke MacArthur from team The Cunning Stunts
[18/Nov/2013 17:04:17] INFO [__main__:110] Clearing skater John Carlson from team The PeeJays
[18/Nov/2013 17:04:17] INFO [__main__:110] Clearing skater Brandon Dubinsky from team The Satans
[18/Nov/2013 17:04:17] INFO [__main__:110] Clearing skater Brooks Orpik from team The Satans
[18/Nov/2013 17:04:17] INFO [__main__:110] Clearing skater Bryan Allen from team Blackcocks
[18/Nov/2013 17:04:17] INFO [__main__:110] Clearing skater Jaromir Jagr from team Blackcocks
[18/Nov/2013 17:04:17] INFO [__main__:114] Cleaning up waiver drops
[18/Nov/2013 17:04:17] INFO [__main__:118] Clearing skater Wayne Simmonds from team WildFire
[18/Nov/2013 17:04:17] INFO [__main__:118] Clearing skater Slava Voynov from team WildFire
[18/Nov/2013 17:04:17] INFO [__main__:118] Clearing skater Tomas Fleischmann from team The PeeJays
[18/Nov/2013 17:04:17] INFO [__main__:118] Clearing skater Jussi Jokinen from team The Satans
[18/Nov/2013 17:04:17] INFO [__main__:118] Clearing skater Jamie McGinn from team The Cunning Stunts
[18/Nov/2013 17:04:17] INFO [__main__:118] Clearing skater Dan Hamhuis from team Blackcocks
[18/Nov/2013 17:04:17] INFO [__main__:118] Clearing skater Paul Martin from team Blackcocks
[18/Nov/2013 17:04:17] INFO [__main__:118] Clearing skater Alexander Edler from team The PeeJays
[18/Nov/2013 17:04:17] INFO [__main__:118] Clearing skater Antoine Vermette from team The Satans
[18/Nov/2013 17:04:17] INFO [__main__:122] Done week cleanup
